<?xml version="1.0" encoding="UTF-8"?>
<!-- Generated by org.testng.reporters.JUnitXMLReporter -->
<testsuite ignored="0" hostname="Rohit" failures="0" tests="3" name="Submit Order Test" time="23.657" errors="0" timestamp="2023-12-31T18:30:34 IST">
  <testcase classname="SeleniumFrameworkPOM.Test.submitOrderTest" name="submitOrder" time="4.076"/>
  <testcase classname="SeleniumFrameworkPOM.Test.submitOrderTest" name="submitOrder" time="3.81"/>
  <testcase classname="SeleniumFrameworkPOM.Test.submitOrderTest" name="orderHistoryTest" time="1.612"/>
</testsuite> <!-- Submit Order Test -->
