<?xml version="1.0" encoding="UTF-8"?>
<!-- Generated by org.testng.reporters.JUnitXMLReporter -->
<testsuite ignored="0" hostname="Rohit" failures="0" tests="2" name="Error Validation Test" time="14.532" errors="0" timestamp="2023-12-31T15:32:55 IST">
  <testcase classname="SeleniumFrameworkPOM.Test.ErrorValidation" name="LoginErrorValidation" time="0.476"/>
  <testcase classname="SeleniumFrameworkPOM.Test.ErrorValidation" name="productErrorValidation" time="3.707"/>
</testsuite> <!-- Error Validation Test -->
