<?xml version="1.0" encoding="UTF-8"?>
<!-- Generated by org.testng.reporters.JUnitXMLReporter -->
<testsuite ignored="0" hostname="Rohit" failures="0" tests="3" name="Submit Order Test" time="21.271" errors="0" timestamp="2023-12-31T15:33:01 IST">
  <testcase classname="SeleniumFrameworkPOM.Test.submitOrderTest" name="submitOrder" time="4.723"/>
  <testcase classname="SeleniumFrameworkPOM.Test.submitOrderTest" name="submitOrder" time="4.021"/>
  <testcase classname="SeleniumFrameworkPOM.Test.submitOrderTest" name="orderHistoryTest" time="1.766"/>
</testsuite> <!-- Submit Order Test -->
