<?xml version="1.0" encoding="UTF-8"?>
<testng-results ignored="0" total="5" passed="5" failed="0" skipped="0">
  <reporter-output>
  </reporter-output>
  <suite started-at="2023-12-31T15:32:40 IST" name="Suite" finished-at="2023-12-31T15:33:01 IST" duration-ms="21271">
    <groups>
      <group name="ErrorHandling">
        <method signature="ErrorValidation.LoginErrorValidation()[pri:0, instance:SeleniumFrameworkPOM.Test.ErrorValidation@77825085]" name="LoginErrorValidation" class="SeleniumFrameworkPOM.Test.ErrorValidation"/>
      </group> <!-- ErrorHandling -->
      <group name="purchase">
        <method signature="submitOrderTest.submitOrder(java.util.HashMap)[pri:0, instance:SeleniumFrameworkPOM.Test.submitOrderTest@2f62ea70]" name="submitOrder" class="SeleniumFrameworkPOM.Test.submitOrderTest"/>
      </group> <!-- purchase -->
    </groups>
    <test started-at="2023-12-31T15:32:40 IST" name="Error Validation Test" finished-at="2023-12-31T15:32:54 IST" duration-ms="14532">
      <class name="SeleniumFrameworkPOM.Test.ErrorValidation">
        <test-method is-config="true" signature="launchApplication()[pri:0, instance:SeleniumFrameworkPOM.Test.ErrorValidation@77825085]" started-at="2023-12-31T15:32:40 IST" name="launchApplication" finished-at="2023-12-31T15:32:47 IST" duration-ms="7007" status="PASS">
          <reporter-output>
          </reporter-output>
        </test-method> <!-- launchApplication -->
        <test-method signature="LoginErrorValidation()[pri:0, instance:SeleniumFrameworkPOM.Test.ErrorValidation@77825085]" started-at="2023-12-31T15:32:47 IST" name="LoginErrorValidation" finished-at="2023-12-31T15:32:47 IST" duration-ms="476" status="PASS">
          <reporter-output>
          </reporter-output>
        </test-method> <!-- LoginErrorValidation -->
        <test-method is-config="true" signature="tearDown()[pri:0, instance:SeleniumFrameworkPOM.Test.ErrorValidation@77825085]" started-at="2023-12-31T15:32:47 IST" name="tearDown" finished-at="2023-12-31T15:32:48 IST" duration-ms="162" status="PASS">
          <reporter-output>
          </reporter-output>
        </test-method> <!-- tearDown -->
        <test-method is-config="true" signature="launchApplication()[pri:0, instance:SeleniumFrameworkPOM.Test.ErrorValidation@77825085]" started-at="2023-12-31T15:32:48 IST" name="launchApplication" finished-at="2023-12-31T15:32:51 IST" duration-ms="3007" status="PASS">
          <reporter-output>
          </reporter-output>
        </test-method> <!-- launchApplication -->
        <test-method signature="productErrorValidation()[pri:0, instance:SeleniumFrameworkPOM.Test.ErrorValidation@77825085]" started-at="2023-12-31T15:32:51 IST" name="productErrorValidation" finished-at="2023-12-31T15:32:54 IST" duration-ms="3707" status="PASS">
          <reporter-output>
          </reporter-output>
        </test-method> <!-- productErrorValidation -->
        <test-method is-config="true" signature="tearDown()[pri:0, instance:SeleniumFrameworkPOM.Test.ErrorValidation@77825085]" started-at="2023-12-31T15:32:54 IST" name="tearDown" finished-at="2023-12-31T15:32:54 IST" duration-ms="109" status="PASS">
          <reporter-output>
          </reporter-output>
        </test-method> <!-- tearDown -->
      </class> <!-- SeleniumFrameworkPOM.Test.ErrorValidation -->
    </test> <!-- Error Validation Test -->
    <test started-at="2023-12-31T15:32:40 IST" name="Submit Order Test" finished-at="2023-12-31T15:33:01 IST" duration-ms="21271">
      <class name="SeleniumFrameworkPOM.Test.submitOrderTest">
        <test-method is-config="true" signature="launchApplication()[pri:0, instance:SeleniumFrameworkPOM.Test.submitOrderTest@2f62ea70]" started-at="2023-12-31T15:32:40 IST" name="launchApplication" finished-at="2023-12-31T15:32:45 IST" duration-ms="4667" status="PASS">
          <reporter-output>
          </reporter-output>
        </test-method> <!-- launchApplication -->
        <test-method signature="submitOrder(java.util.HashMap)[pri:0, instance:SeleniumFrameworkPOM.Test.submitOrderTest@2f62ea70]" started-at="2023-12-31T15:32:45 IST" name="submitOrder" data-provider="getData" finished-at="2023-12-31T15:32:50 IST" duration-ms="4723" status="PASS">
          <params>
            <param index="0">
              <value>
                <![CDATA[{password=Rohit@00, email=rohitp@1gmail.com, productName=IPHONE 13 PRO}]]>
              </value>
            </param>
          </params>
          <reporter-output>
          </reporter-output>
        </test-method> <!-- submitOrder -->
        <test-method is-config="true" signature="tearDown()[pri:0, instance:SeleniumFrameworkPOM.Test.submitOrderTest@2f62ea70]" started-at="2023-12-31T15:32:50 IST" name="tearDown" finished-at="2023-12-31T15:32:50 IST" duration-ms="148" status="PASS">
          <reporter-output>
          </reporter-output>
        </test-method> <!-- tearDown -->
        <test-method is-config="true" signature="launchApplication()[pri:0, instance:SeleniumFrameworkPOM.Test.submitOrderTest@2f62ea70]" started-at="2023-12-31T15:32:50 IST" name="launchApplication" finished-at="2023-12-31T15:32:53 IST" duration-ms="2869" status="PASS">
          <reporter-output>
          </reporter-output>
        </test-method> <!-- launchApplication -->
        <test-method signature="submitOrder(java.util.HashMap)[pri:0, instance:SeleniumFrameworkPOM.Test.submitOrderTest@2f62ea70]" started-at="2023-12-31T15:32:53 IST" name="submitOrder" data-provider="getData" finished-at="2023-12-31T15:32:57 IST" duration-ms="4021" status="PASS">
          <params>
            <param index="0">
              <value>
                <![CDATA[{password=Pardeshi#0101, email=pardeshi@99gmail.com, productName=ADIDAS ORIGINAL}]]>
              </value>
            </param>
          </params>
          <reporter-output>
          </reporter-output>
        </test-method> <!-- submitOrder -->
        <test-method is-config="true" signature="tearDown()[pri:0, instance:SeleniumFrameworkPOM.Test.submitOrderTest@2f62ea70]" started-at="2023-12-31T15:32:57 IST" name="tearDown" finished-at="2023-12-31T15:32:57 IST" duration-ms="146" status="PASS">
          <reporter-output>
          </reporter-output>
        </test-method> <!-- tearDown -->
        <test-method is-config="true" signature="launchApplication()[pri:0, instance:SeleniumFrameworkPOM.Test.submitOrderTest@2f62ea70]" started-at="2023-12-31T15:32:57 IST" name="launchApplication" finished-at="2023-12-31T15:32:59 IST" duration-ms="2452" status="PASS">
          <reporter-output>
          </reporter-output>
        </test-method> <!-- launchApplication -->
        <test-method signature="orderHistoryTest()[pri:0, instance:SeleniumFrameworkPOM.Test.submitOrderTest@2f62ea70]" started-at="2023-12-31T15:32:59 IST" name="orderHistoryTest" finished-at="2023-12-31T15:33:01 IST" depends-on-methods="SeleniumFrameworkPOM.Test.submitOrderTest.submitOrder" duration-ms="1766" status="PASS">
          <reporter-output>
          </reporter-output>
        </test-method> <!-- orderHistoryTest -->
        <test-method is-config="true" signature="tearDown()[pri:0, instance:SeleniumFrameworkPOM.Test.submitOrderTest@2f62ea70]" started-at="2023-12-31T15:33:01 IST" name="tearDown" finished-at="2023-12-31T15:33:01 IST" duration-ms="130" status="PASS">
          <reporter-output>
          </reporter-output>
        </test-method> <!-- tearDown -->
      </class> <!-- SeleniumFrameworkPOM.Test.submitOrderTest -->
    </test> <!-- Submit Order Test -->
  </suite> <!-- Suite -->
</testng-results>
